Arguments: 
  C:\Program Files\nodejs\node.exe C:\Users\Samantha\AppData\Roaming\npm\node_modules\yarn\bin\yarn.js add Jest

PATH: 
  C:\Program Files (x86)\NVIDIA Corporation\PhysX\Common;C:\WINDOWS\system32;C:\WINDOWS;C:\WINDOWS\System32\Wbem;C:\WINDOWS\System32\WindowsPowerShell\v1.0\;C:\Program Files (x86)\AMD\ATI.ACE\Core-Static;C:\Program Files (x86)\ATI Technologies\ATI.ACE\Core-Static;C:\WINDOWS\System32\OpenSSH\;C:\Program Files\Perforce\;C:\Program Files\Perforce;C:\Program Files (x86)\PuTTY\;C:\Program Files\Docker\Docker\resources\bin;C:\ProgramData\DockerDesktop\version-bin;C:\Users\Samantha\AppData\Roaming\nvm;C:\Program Files\nodejs;C:\Users\Samantha\AppData\Local\Microsoft\WindowsApps;C:\Users\Samantha\AppData\Local\Programs\Microsoft VS Code\bin;C:\Users\Samantha\AppData\Local\GitHubDesktop\bin;C:\Users\Samantha\AppData\Roaming\npm;C:\Program Files\heroku\bin;C:\Users\Samantha\AppData\Roaming\nvm;C:\Program Files\nodejs

Yarn version: 
  1.22.18

Node version: 
  16.17.1

Platform: 
  win32 x64

Trace: 
  Error: https://registry.yarnpkg.com/Jest: Not found
      at Request.params.callback [as _callback] (C:\Users\Samantha\AppData\Roaming\npm\node_modules\yarn\lib\cli.js:66138:18)
      at Request.self.callback (C:\Users\Samantha\AppData\Roaming\npm\node_modules\yarn\lib\cli.js:140883:22)
      at Request.emit (node:events:513:28)
      at Request.<anonymous> (C:\Users\Samantha\AppData\Roaming\npm\node_modules\yarn\lib\cli.js:141855:10)
      at Request.emit (node:events:513:28)
      at IncomingMessage.<anonymous> (C:\Users\Samantha\AppData\Roaming\npm\node_modules\yarn\lib\cli.js:141777:12)
      at Object.onceWrapper (node:events:627:28)
      at IncomingMessage.emit (node:events:525:35)
      at endReadableNT (node:internal/streams/readable:1358:12)
      at processTicksAndRejections (node:internal/process/task_queues:83:21)

npm manifest: 
  {
    "name": "Algo-Exo",
    "version": "1.0.0",
    "main": "index.js",
    "license": "MIT"
  }

yarn manifest: 
  No manifest

Lockfile: 
  No lockfile
